\BOOKMARK [1][-]{section.1}{Introduction}{}% 1
\BOOKMARK [2][-]{subsection.1.1}{Description}{section.1}% 2
\BOOKMARK [1][-]{section.2}{Analysis}{}% 3
\BOOKMARK [2][-]{subsection.2.1}{Functional Requirements and Use Cases}{section.2}% 4
\BOOKMARK [3][-]{subsubsection.2.1.1}{Use Cases List}{subsection.2.1}% 5
\BOOKMARK [3][-]{subsubsection.2.1.2}{UML Use Cases Diagram}{subsection.2.1}% 6
\BOOKMARK [2][-]{subsection.2.2}{Non-Functional Requirements}{section.2}% 7
\BOOKMARK [2][-]{subsection.2.3}{Sources, Velocity properties and Volume of data}{section.2}% 8
\BOOKMARK [2][-]{subsection.2.4}{UML Entities Diagram}{section.2}% 9
\BOOKMARK [2][-]{subsection.2.5}{Main application queries}{section.2}% 10
\BOOKMARK [1][-]{section.3}{Project}{}% 11
\BOOKMARK [2][-]{subsection.3.1}{Adopted Databases}{section.3}% 12
\BOOKMARK [2][-]{subsection.3.2}{Document Database}{section.3}% 13
\BOOKMARK [3][-]{subsubsection.3.2.1}{Queries Handled}{subsection.3.2}% 14
\BOOKMARK [3][-]{subsubsection.3.2.2}{Entities handled}{subsection.3.2}% 15
\BOOKMARK [3][-]{subsubsection.3.2.3}{Collections structure}{subsection.3.2}% 16
\BOOKMARK [3][-]{subsubsection.3.2.4}{Indexes}{subsection.3.2}% 17
\BOOKMARK [2][-]{subsection.3.3}{Graph Database}{section.3}% 18
\BOOKMARK [3][-]{subsubsection.3.3.1}{Queries Handled}{subsection.3.3}% 19
\BOOKMARK [3][-]{subsubsection.3.3.2}{Entities handled}{subsection.3.3}% 20
\BOOKMARK [3][-]{subsubsection.3.3.3}{Graph structure}{subsection.3.3}% 21
\BOOKMARK [3][-]{subsubsection.3.3.4}{Indexes}{subsection.3.3}% 22
\BOOKMARK [2][-]{subsection.3.4}{Redundancies and consistency management}{section.3}% 23
\BOOKMARK [2][-]{subsection.3.5}{Database Properties}{section.3}% 24
\BOOKMARK [3][-]{subsubsection.3.5.1}{Availability}{subsection.3.5}% 25
\BOOKMARK [3][-]{subsubsection.3.5.2}{Replicas}{subsection.3.5}% 26
\BOOKMARK [3][-]{subsubsection.3.5.3}{Eventual Consistency}{subsection.3.5}% 27
\BOOKMARK [3][-]{subsubsection.3.5.4}{Sharding}{subsection.3.5}% 28
\BOOKMARK [3][-]{subsubsection.3.5.5}{Pros and Drawbacks}{subsection.3.5}% 29
\BOOKMARK [2][-]{subsection.3.6}{Client, Server and Daemon Thread}{section.3}% 30
\BOOKMARK [2][-]{subsection.3.7}{Technologies and Frameworks}{section.3}% 31
\BOOKMARK [1][-]{section.4}{Implementation}{}% 32
\BOOKMARK [2][-]{subsection.4.1}{Package structure and information hiding}{section.4}% 33
\BOOKMARK [3][-]{subsubsection.4.1.1}{Packaging strategy and information hiding}{subsection.4.1}% 34
\BOOKMARK [3][-]{subsubsection.4.1.2}{UML package diagram}{subsection.4.1}% 35
\BOOKMARK [2][-]{subsection.4.2}{APIs and SPIs}{section.4}% 36
\BOOKMARK [2][-]{subsection.4.3}{Main tools}{section.4}% 37
\BOOKMARK [3][-]{subsubsection.4.3.1}{GSON}{subsection.4.3}% 38
\BOOKMARK [3][-]{subsubsection.4.3.2}{Caching mechanism and multimedia management}{subsection.4.3}% 39
\BOOKMARK [3][-]{subsubsection.4.3.3}{Password Encryptor}{subsection.4.3}% 40
\BOOKMARK [3][-]{subsubsection.4.3.4}{Logger}{subsection.4.3}% 41
\BOOKMARK [2][-]{subsection.4.4}{Analytics queries}{section.4}% 42
\BOOKMARK [3][-]{subsubsection.4.4.1}{User Rankings}{subsection.4.4}% 43
\BOOKMARK [3][-]{subsubsection.4.4.2}{Pok\351mon Rankings}{subsection.4.4}% 44
\BOOKMARK [3][-]{subsubsection.4.4.3}{Usage Statistics}{subsection.4.4}% 45
\BOOKMARK [3][-]{subsubsection.4.4.4}{Dynamic Catch Rate}{subsection.4.4}% 46
\BOOKMARK [2][-]{subsection.4.5}{Business logic}{section.4}% 47
\BOOKMARK [3][-]{subsubsection.4.5.1}{Points computing}{subsection.4.5}% 48
\BOOKMARK [3][-]{subsubsection.4.5.2}{Dynamic Catch Rate Computing}{subsection.4.5}% 49
\BOOKMARK [1][-]{section.5}{Test}{}% 50
\BOOKMARK [2][-]{subsection.5.1}{Privacy and Security}{section.5}% 51
\BOOKMARK [2][-]{subsection.5.2}{Unit Test}{section.5}% 52
\BOOKMARK [2][-]{subsection.5.3}{Robustness}{section.5}% 53
\BOOKMARK [2][-]{subsection.5.4}{Performance}{section.5}% 54
